[INFO ] 2020-01-21 14:13:16 [main] com.course.Application - Starting Application on LAPTOP-FR5RUG7D with PID 12920 (D:\java_jdk\testNG\zbb\Chapter11\target\classes started by 赵彬彬 in D:\java_jdk\testNG\zbb)
[INFO ] 2020-01-21 14:13:16 [main] com.course.Application - No active profile set, falling back to default profiles: default
[INFO ] 2020-01-21 14:13:16 [main] o.s.b.w.s.c.AnnotationConfigServletWebServerApplicationContext - Refreshing org.springframework.boot.web.servlet.context.AnnotationConfigServletWebServerApplicationContext@267da0: startup date [Tue Jan 21 14:13:16 CST 2020]; root of context hierarchy
[INFO ] 2020-01-21 14:13:16 [main] o.s.b.w.e.tomcat.TomcatWebServer - Tomcat initialized with port(s): 8888 (http)
[INFO ] 2020-01-21 14:13:16 [main] o.a.coyote.http11.Http11NioProtocol - Initializing ProtocolHandler ["http-nio-8888"]
[INFO ] 2020-01-21 14:13:16 [main] o.a.catalina.core.StandardService - Starting service [Tomcat]
[INFO ] 2020-01-21 14:13:16 [main] o.a.catalina.core.StandardEngine - Starting Servlet Engine: Apache Tomcat/8.5.28
[INFO ] 2020-01-21 14:13:16 [localhost-startStop-1] o.a.c.core.AprLifecycleListener - The APR based Apache Tomcat Native library which allows optimal performance in production environments was not found on the java.library.path: [D:\Program Files (x86)\Java\jdk1.8.0_144\bin;C:\Windows\Sun\Java\bin;C:\Windows\system32;C:\Windows;C:\Program Files (x86)\Common Files\Oracle\Java\javapath;C:\ProgramData\Oracle\Java\javapath;C:\Windows\system32;C:\Windows;C:\Windows\System32\Wbem;C:\Windows\System32\WindowsPowerShell\v1.0\;C:\Windows\System32\OpenSSH\;C:\Program Files (x86)\NVIDIA Corporation\PhysX\Common;C:\Program Files\NVIDIA Corporation\NVIDIA NvDLISR;";D:\Program Files (x86)\Java\jdk1.8.0_144\bin;D:\Program Files (x86)\Java\jdk1.8.0_144\jre\bin";D:\git\Git\cmd;C:\Program Files\MySQL\MySQL Server 8.0\bin;C:\Program Files\MySQL\MySQL Shell 8.0\bin\;C:\Users\赵彬彬\AppData\Local\Microsoft\WindowsApps;D:\java_jdk\IDEA\IntelliJ IDEA Community Edition 2019.2.4\bin;;D:\java_jdk\apache-maven-3.6.3-bin\apache-maven-3.6.3\bin;;.]
[INFO ] 2020-01-21 14:13:16 [localhost-startStop-1] o.a.c.c.C.[Tomcat].[localhost].[/] - Initializing Spring embedded WebApplicationContext
[INFO ] 2020-01-21 14:13:16 [localhost-startStop-1] o.s.web.context.ContextLoader - Root WebApplicationContext: initialization completed in 1922 ms
[INFO ] 2020-01-21 14:13:16 [localhost-startStop-1] o.s.b.w.s.ServletRegistrationBean - Servlet dispatcherServlet mapped to [/]
[INFO ] 2020-01-21 14:13:16 [localhost-startStop-1] o.s.b.w.s.FilterRegistrationBean - Mapping filter: 'characterEncodingFilter' to: [/*]
[INFO ] 2020-01-21 14:13:16 [localhost-startStop-1] o.s.b.w.s.FilterRegistrationBean - Mapping filter: 'hiddenHttpMethodFilter' to: [/*]
[INFO ] 2020-01-21 14:13:16 [localhost-startStop-1] o.s.b.w.s.FilterRegistrationBean - Mapping filter: 'httpPutFormContentFilter' to: [/*]
[INFO ] 2020-01-21 14:13:16 [localhost-startStop-1] o.s.b.w.s.FilterRegistrationBean - Mapping filter: 'requestContextFilter' to: [/*]
[INFO ] 2020-01-21 14:13:16 [main] o.s.w.s.m.m.a.RequestMappingHandlerAdapter - Looking for @ControllerAdvice: org.springframework.boot.web.servlet.context.AnnotationConfigServletWebServerApplicationContext@267da0: startup date [Tue Jan 21 14:13:16 CST 2020]; root of context hierarchy
[INFO ] 2020-01-21 14:13:16 [main] o.s.w.s.m.m.a.RequestMappingHandlerMapping - Mapped "{[/sql1],methods=[GET]}" onto public int com.course.controller.Demo.test1()
[INFO ] 2020-01-21 14:13:16 [main] o.s.w.s.m.m.a.RequestMappingHandlerMapping - Mapped "{[/adduser],methods=[POST]}" onto public int com.course.controller.Demo.test2(com.course.model.User)
[INFO ] 2020-01-21 14:13:16 [main] o.s.w.s.m.m.a.RequestMappingHandlerMapping - Mapped "{[/error]}" onto public org.springframework.http.ResponseEntity<java.util.Map<java.lang.String, java.lang.Object>> org.springframework.boot.autoconfigure.web.servlet.error.BasicErrorController.error(javax.servlet.http.HttpServletRequest)
[INFO ] 2020-01-21 14:13:16 [main] o.s.w.s.m.m.a.RequestMappingHandlerMapping - Mapped "{[/error],produces=[text/html]}" onto public org.springframework.web.servlet.ModelAndView org.springframework.boot.autoconfigure.web.servlet.error.BasicErrorController.errorHtml(javax.servlet.http.HttpServletRequest,javax.servlet.http.HttpServletResponse)
[INFO ] 2020-01-21 14:13:16 [main] o.s.w.s.h.SimpleUrlHandlerMapping - Mapped URL path [/webjars/**] onto handler of type [class org.springframework.web.servlet.resource.ResourceHttpRequestHandler]
[INFO ] 2020-01-21 14:13:16 [main] o.s.w.s.h.SimpleUrlHandlerMapping - Mapped URL path [/**] onto handler of type [class org.springframework.web.servlet.resource.ResourceHttpRequestHandler]
[INFO ] 2020-01-21 14:13:16 [main] o.s.w.s.h.SimpleUrlHandlerMapping - Mapped URL path [/**/favicon.ico] onto handler of type [class org.springframework.web.servlet.resource.ResourceHttpRequestHandler]
[INFO ] 2020-01-21 14:13:16 [main] o.s.j.e.a.AnnotationMBeanExporter - Registering beans for JMX exposure on startup
[INFO ] 2020-01-21 14:13:16 [main] o.s.j.e.a.AnnotationMBeanExporter - Bean with name 'dataSource' has been autodetected for JMX exposure
[INFO ] 2020-01-21 14:13:16 [main] o.s.j.e.a.AnnotationMBeanExporter - Located MBean 'dataSource': registering with JMX server as MBean [com.zaxxer.hikari:name=dataSource,type=HikariDataSource]
[INFO ] 2020-01-21 14:13:16 [main] o.a.coyote.http11.Http11NioProtocol - Starting ProtocolHandler ["http-nio-8888"]
[INFO ] 2020-01-21 14:13:16 [main] o.a.tomcat.util.net.NioSelectorPool - Using a shared selector for servlet write/read
[INFO ] 2020-01-21 14:13:16 [main] o.s.b.w.e.tomcat.TomcatWebServer - Tomcat started on port(s): 8888 (http) with context path ''
[INFO ] 2020-01-21 14:13:16 [main] com.course.Application - Started Application in 4.683 seconds (JVM running for 7.113)
